<?xml version="1.0" encoding="UTF-8"?>
<!-- Generated by org.testng.reporters.JUnitReportReporter -->
<testsuite hostname="IN2450295W2" failures="0" tests="1" name="apidemopack.RestfulBooker_CreateNonBDD" time="3.072" errors="0" timestamp="2023-01-25T11:26:33 IST" skipped="0">
  <testcase classname="apidemopack.RestfulBooker_CreateNonBDD" name="CreateBooking" time="3.072"/>
  <system-out/>
</testsuite> <!-- apidemopack.RestfulBooker_CreateNonBDD -->
