<?xml version="1.0" encoding="UTF-8"?>
<!-- Generated by org.testng.reporters.JUnitReportReporter -->
<testsuite hostname="IN2450295W2" failures="0" tests="1" name="apidemopack.RestfulBooker_CreateDemo" time="3.158" errors="0" timestamp="2023-01-25T10:43:29 IST" skipped="0">
  <testcase classname="apidemopack.RestfulBooker_CreateDemo" name="CreateBooking" time="3.158"/>
  <system-out/>
</testsuite> <!-- apidemopack.RestfulBooker_CreateDemo -->
