<?xml version="1.0" encoding="UTF-8"?>
<!-- Generated by org.testng.reporters.JUnitReportReporter -->
<testsuite hostname="IN2450295W2" failures="0" tests="1" name="apidemopack.RestfulBooker_TestNG" time="0.626" errors="0" timestamp="2023-01-27T09:58:50 IST" skipped="0">
  <testcase classname="apidemopack.RestfulBooker_TestNG" name="CreateBooking" time="0.626"/>
  <system-out/>
</testsuite> <!-- apidemopack.RestfulBooker_TestNG -->
