<?xml version="1.0" encoding="UTF-8"?>
<!-- Generated by org.testng.reporters.JUnitReportReporter -->
<testsuite hostname="IN2450295W2" failures="0" tests="1" name="apidemopack.RestfulBooker_UpdateBooking" time="3.404" errors="0" timestamp="2023-01-25T11:50:35 IST" skipped="0">
  <testcase classname="apidemopack.RestfulBooker_UpdateBooking" name="UpdateBooking" time="3.404"/>
  <system-out/>
</testsuite> <!-- apidemopack.RestfulBooker_UpdateBooking -->
